2025-07-03 09:53:01,028 - INFO - 
============================================================
2025-07-03 09:53:01,030 - INFO - DÉMARRAGE PIPELINE MLFLOW OPTIMISÉ
2025-07-03 09:53:01,032 - INFO - ============================================================
2025-07-03 09:53:01,036 - WARNING - ⚠ Utilisation du stockage local: /app/mlruns
2025-07-03 09:53:01,113 - INFO - ✅ Expérience créée: COVID_ML_20250703_095301
2025-07-03 09:53:01,921 - ERROR - ❌ Erreur avec RandomForest: name '__file__' is not defined
2025-07-03 09:53:03,582 - INFO - ✅ XGBoost loggé avec succès
2025-07-03 09:53:04,811 - INFO - Assets written to: /tmp/tmpm7oph81d/model/data/model/assets
2025-07-03 09:53:05,937 - INFO - ✅ Keras loggé avec succès
2025-07-03 09:53:06,005 - INFO - 
RÉSULTATS FINAUX:
2025-07-03 09:53:06,008 - INFO - ❌ ÉCHEC - RandomForest
2025-07-03 09:53:06,010 - INFO - ✅ SUCCÈS - XGBoost
2025-07-03 09:53:06,013 - INFO - ✅ SUCCÈS - Keras
2025-07-03 09:55:56,284 - INFO - 
============================================================
2025-07-03 09:55:56,286 - INFO - DÉMARRAGE PIPELINE MLFLOW OPTIMISÉ
2025-07-03 09:55:56,287 - INFO - ============================================================
2025-07-03 09:55:56,292 - WARNING - ⚠ Utilisation du stockage local: /app/mlruns
2025-07-03 09:55:56,334 - INFO - ✅ Expérience créée: COVID_ML_20250703_095556
2025-07-03 09:55:56,369 - WARNING - L'output output2 n'a pas de données correspondantes
2025-07-03 09:56:01,279 - INFO - ✅ RandomForest loggé avec succès
2025-07-03 09:56:01,307 - WARNING - L'output output2 n'a pas de données correspondantes
2025-07-03 09:56:05,880 - INFO - ✅ XGBoost loggé avec succès
2025-07-03 09:56:06,915 - INFO - Assets written to: /tmp/tmpa9lxzaah/model/data/model/assets
2025-07-03 09:56:13,724 - INFO - ✅ Keras loggé avec succès
2025-07-03 09:56:13,751 - INFO - 
RÉSULTATS FINAUX:
2025-07-03 09:56:13,753 - INFO - ✅ SUCCÈS - RandomForest
2025-07-03 09:56:13,754 - INFO - ✅ SUCCÈS - XGBoost
2025-07-03 09:56:13,756 - INFO - ✅ SUCCÈS - Keras
