2025-07-03 10:03:04,454 - INFO - 
=== DIAGNOSTIC COMPLET MLFLOW ===
2025-07-03 10:03:04,456 - INFO - ✅ MLflow importé avec succès (version 2.22.0)
2025-07-03 10:03:04,467 - INFO - ✅ Permissions d'écriture vérifiées
2025-07-03 10:03:04,470 - DEBUG - Essai avec URI: file:////app/mlruns
2025-07-03 10:03:04,616 - INFO - ✅ Configuration réussie avec URI: file:////app/mlruns
2025-07-03 10:03:04,714 - INFO - Nouvelle expérience créée: 550141193368523576
2025-07-03 10:03:04,738 - INFO - ✅ Vérification expérience réussie
2025-07-03 10:03:04,792 - DEBUG - Popen(['git', 'version'], cwd=/app, stdin=None, shell=False, universal_newlines=False)
2025-07-03 10:06:58,061 - INFO - 
=== DIAGNOSTIC COMPLET MLFLOW ===
2025-07-03 10:06:58,062 - INFO - ✅ MLflow importé avec succès (version 2.22.0)
2025-07-03 10:06:58,072 - INFO - ✅ Permissions d'écriture vérifiées
2025-07-03 10:06:58,074 - DEBUG - Essai avec URI: file:////app/mlruns
2025-07-03 10:06:58,165 - WARNING - ⚠ Échec avec URI file:////app/mlruns: Could not find experiment with ID 907876412699100454
2025-07-03 10:06:58,167 - DEBUG - Essai avec URI: http://localhost:8080
2025-07-03 10:06:58,201 - DEBUG - Starting new HTTP connection (1): localhost:8080
2025-07-03 10:06:58,204 - DEBUG - Incremented Retry for (url='/api/2.0/mlflow/experiments/get-by-name?experiment_name=test'): Retry(total=6, connect=6, read=7, redirect=7, status=7)
2025-07-03 10:06:58,206 - WARNING - Retrying (Retry(total=6, connect=6, read=7, redirect=7, status=7)) after connection broken by 'NewConnectionError('<urllib3.connection.HTTPConnection object at 0x7f0f42bc1cd0>: Failed to establish a new connection: [Errno 111] Connection refused')': /api/2.0/mlflow/experiments/get-by-name?experiment_name=test
2025-07-03 10:06:58,208 - DEBUG - Starting new HTTP connection (2): localhost:8080
2025-07-03 10:06:58,211 - DEBUG - Incremented Retry for (url='/api/2.0/mlflow/experiments/get-by-name?experiment_name=test'): Retry(total=5, connect=5, read=7, redirect=7, status=7)
2025-07-03 10:07:02,446 - WARNING - Retrying (Retry(total=5, connect=5, read=7, redirect=7, status=7)) after connection broken by 'NewConnectionError('<urllib3.connection.HTTPConnection object at 0x7f0f42bc1070>: Failed to establish a new connection: [Errno 111] Connection refused')': /api/2.0/mlflow/experiments/get-by-name?experiment_name=test
2025-07-03 10:07:02,447 - DEBUG - Starting new HTTP connection (3): localhost:8080
2025-07-03 10:07:02,450 - DEBUG - Incremented Retry for (url='/api/2.0/mlflow/experiments/get-by-name?experiment_name=test'): Retry(total=4, connect=4, read=7, redirect=7, status=7)
2025-07-03 10:07:11,059 - WARNING - Retrying (Retry(total=4, connect=4, read=7, redirect=7, status=7)) after connection broken by 'NewConnectionError('<urllib3.connection.HTTPConnection object at 0x7f0f42bc13d0>: Failed to establish a new connection: [Errno 111] Connection refused')': /api/2.0/mlflow/experiments/get-by-name?experiment_name=test
2025-07-03 10:07:11,061 - DEBUG - Starting new HTTP connection (4): localhost:8080
2025-07-03 10:07:11,062 - DEBUG - Incremented Retry for (url='/api/2.0/mlflow/experiments/get-by-name?experiment_name=test'): Retry(total=3, connect=3, read=7, redirect=7, status=7)
2025-07-03 10:07:27,501 - WARNING - Retrying (Retry(total=3, connect=3, read=7, redirect=7, status=7)) after connection broken by 'NewConnectionError('<urllib3.connection.HTTPConnection object at 0x7f0f42bc1580>: Failed to establish a new connection: [Errno 111] Connection refused')': /api/2.0/mlflow/experiments/get-by-name?experiment_name=test
2025-07-03 10:07:27,503 - DEBUG - Starting new HTTP connection (5): localhost:8080
2025-07-03 10:07:27,506 - DEBUG - Incremented Retry for (url='/api/2.0/mlflow/experiments/get-by-name?experiment_name=test'): Retry(total=2, connect=2, read=7, redirect=7, status=7)
2025-07-03 10:07:59,904 - WARNING - Retrying (Retry(total=2, connect=2, read=7, redirect=7, status=7)) after connection broken by 'NewConnectionError('<urllib3.connection.HTTPConnection object at 0x7f0f42bc1730>: Failed to establish a new connection: [Errno 111] Connection refused')': /api/2.0/mlflow/experiments/get-by-name?experiment_name=test
2025-07-03 10:07:59,908 - DEBUG - Starting new HTTP connection (6): localhost:8080
2025-07-03 10:07:59,910 - DEBUG - Incremented Retry for (url='/api/2.0/mlflow/experiments/get-by-name?experiment_name=test'): Retry(total=1, connect=1, read=7, redirect=7, status=7)
